- Fetching chats...
Collecting from 100 chats...
[1/100] Processing: J.A.R.V.I.S. casual (last_id: 0)
[2/100] Processing: J.A.R.V.I.S. (last_id: 0)
[3/100] Processing: Valek k (last_id: 0)
[10/100] Processing: Мой Мир❤️ (last_id: 0)
[50/100] Processing: Швецов Кирилл (last_id: 0)
[51/100] Processing: Погольский Владислав (last_id: 0)
[62/100] Processing: Справка центр дентальной (last_id: 0)
[63/100] Processing: Илья Ахмедов мурадович (last_id: 0)
[71/100] Processing: Леха Косенко (last_id: 0)
[77/100] Processing: Кирсанов (last_id: 0)
Done.
- Fetching chats...
Collecting from 100 chats...
[1/100] Processing: J.A.R.V.I.S. casual (last_id: 182277)
[2/100] Processing: J.A.R.V.I.S. (last_id: 182355)
[3/100] Processing: Valek k (last_id: 181676)
[6/100] Processing: Мой Мир❤️ (last_id: 182483)
[50/100] Processing: Швецов Кирилл (last_id: 182383)
[51/100] Processing: Погольский Владислав (last_id: 182372)
[62/100] Processing: Справка центр дентальной (last_id: 182319)
[63/100] Processing: Илья Ахмедов мурадович (last_id: 182315)
[71/100] Processing: Леха Косенко (last_id: 182302)
[77/100] Processing: Кирсанов (last_id: 182286)
Done.
- Fetching chats...
Collecting from 100 chats...
[1/100] Processing: J.A.R.V.I.S. casual (last_id: 182277)
[2/100] Processing: J.A.R.V.I.S. (last_id: 182355)
[3/100] Processing: Valek k (last_id: 181676)
[19/100] Processing: Мой Мир❤️ (last_id: 182507)
[55/100] Processing: Швецов Кирилл (last_id: 182383)
[56/100] Processing: Погольский Владислав (last_id: 182372)
[67/100] Processing: Справка центр дентальной (last_id: 182319)
[68/100] Processing: Илья Ахмедов мурадович (last_id: 182315)
[75/100] Processing: Леха Косенко (last_id: 182302)
[81/100] Processing: Кирсанов (last_id: 182286)
Done.
- Fetching chats...
Collecting from 100 chats...
[1/100] Processing: J.A.R.V.I.S. casual (last_id: 182277)
[2/100] Processing: J.A.R.V.I.S. (last_id: 182355)
[3/100] Processing: Valek k (last_id: 181676)
[11/100] Processing: Мой Мир❤️ (last_id: 182519)
[58/100] Processing: Швецов Кирилл (last_id: 182383)
[59/100] Processing: Погольский Владислав (last_id: 182372)
[68/100] Processing: Справка центр дентальной (last_id: 182319)
[69/100] Processing: Илья Ахмедов мурадович (last_id: 182315)
[76/100] Processing: Леха Косенко (last_id: 182302)
[82/100] Processing: Кирсанов (last_id: 182286)
Done.
- Fetching chats...
Collecting from 100 chats...
[1/100] Processing: J.A.R.V.I.S. casual (last_id: 182277)
[2/100] Processing: J.A.R.V.I.S. (last_id: 182355)
[3/100] Processing: Valek k (last_id: 181676)
[24/100] Processing: Мой Мир❤️ (last_id: 182525)
[63/100] Processing: Швецов Кирилл (last_id: 182383)
[64/100] Processing: Погольский Владислав (last_id: 182372)
[73/100] Processing: Справка центр дентальной (last_id: 182319)
[74/100] Processing: Илья Ахмедов мурадович (last_id: 182315)
[81/100] Processing: Леха Косенко (last_id: 182302)
[86/100] Processing: Кирсанов (last_id: 182286)
Done.
- Fetching chats...
Collecting from 100 chats...
[1/100] Processing: J.A.R.V.I.S. casual (last_id: 182277)
[2/100] Processing: J.A.R.V.I.S. (last_id: 182355)
[3/100] Processing: Valek k (last_id: 181676)
[34/100] Processing: Мой Мир❤️ (last_id: 182525)
[67/100] Processing: Швецов Кирилл (last_id: 182383)
[68/100] Processing: Погольский Владислав (last_id: 182372)
[77/100] Processing: Справка центр дентальной (last_id: 182319)
[78/100] Processing: Илья Ахмедов мурадович (last_id: 182315)
[85/100] Processing: Леха Косенко (last_id: 182302)
[89/100] Processing: Кирсанов (last_id: 182286)
Done.
- Fetching chats...
Collecting from 100 chats...
[1/100] Processing: J.A.R.V.I.S. casual (last_id: 182277)
[2/100] Processing: J.A.R.V.I.S. (last_id: 182355)
[3/100] Processing: Valek k (last_id: 181676)
[35/100] Processing: Мой Мир❤️ (last_id: 182525)
[67/100] Processing: Швецов Кирилл (last_id: 182383)
[68/100] Processing: Погольский Владислав (last_id: 182372)
[77/100] Processing: Справка центр дентальной (last_id: 182319)
[78/100] Processing: Илья Ахмедов мурадович (last_id: 182315)
[85/100] Processing: Леха Косенко (last_id: 182302)
[89/100] Processing: Кирсанов (last_id: 182286)
Done.
- Fetching chats...
Collecting from 100 chats...
[1/100] Processing: J.A.R.V.I.S. casual (last_id: 182277)
[2/100] Processing: J.A.R.V.I.S. (last_id: 182355)
[3/100] Processing: Valek k (last_id: 181676)
[15/100] Processing: Мой Мир❤️ (last_id: 182525)
[70/100] Processing: Швецов Кирилл (last_id: 182383)
[71/100] Processing: Погольский Владислав (last_id: 182372)
[80/100] Processing: Справка центр дентальной (last_id: 182319)
[81/100] Processing: Илья Ахмедов мурадович (last_id: 182315)
[87/100] Processing: Леха Косенко (last_id: 182302)
[91/100] Processing: Кирсанов (last_id: 182286)
Done.
- Fetching chats...
Collecting from 100 chats...
[1/100] Processing: J.A.R.V.I.S. casual (last_id: 182277)
[2/100] Processing: J.A.R.V.I.S. (last_id: 182355)
[3/100] Processing: Valek k (last_id: 181676)
[29/100] Processing: Мой Мир❤️ (last_id: 182532)
[76/100] Processing: Швецов Кирилл (last_id: 182383)
[77/100] Processing: Погольский Владислав (last_id: 182372)
[84/100] Processing: Справка центр дентальной (last_id: 182319)
[85/100] Processing: Илья Ахмедов мурадович (last_id: 182315)
[89/100] Processing: Леха Косенко (last_id: 182302)
[93/100] Processing: Кирсанов (last_id: 182286)
Done.
- Fetching chats...
Collecting from 100 chats...
[1/100] Processing: J.A.R.V.I.S. casual (last_id: 182277)
[2/100] Processing: J.A.R.V.I.S. (last_id: 182355)
[3/100] Processing: Valek k (last_id: 181676)
[8/100] Processing: Мой Мир❤️ (last_id: 182532)
[81/100] Processing: Швецов Кирилл (last_id: 182383)
[82/100] Processing: Погольский Владислав (last_id: 182372)
[87/100] Processing: Справка центр дентальной (last_id: 182319)
[88/100] Processing: Илья Ахмедов мурадович (last_id: 182315)
[92/100] Processing: Леха Косенко (last_id: 182302)
[96/100] Processing: Кирсанов (last_id: 182286)
Done.
